8.390650808589406040e-02 7.552479944572586257e-02 6.192399175621666335e-02
5.626921830181572798e-02 1.190651221807978721e-01 3.769061867089233686e-02
7.056080071662247655e-02 5.576433441332548369e-02 4.674090744902695271e-02
5.697914275588635696e-02 4.089712693584492825e-02 5.011403711224150098e-02
6.586873279756023936e-02 2.453211651460943804e-02 3.297443896590648155e-02
4.919442711940897467e-02 4.625222335114530237e-02 3.719223722835487966e-02
3.406120578411857280e-02 2.878963777836832799e-02 4.124009912716367771e-02
3.322820473378865908e-02 2.869056703811800890e-02 2.981671058114471543e-02
4.103073662124259030e-02 1.443918189284157383e-02 1.503875366458893442e-02
2.875149948909799108e-02 4.084561342452184413e-02 1.849040993377718337e-02
4.668316362603765202e-02 1.690512150045005851e-02 1.219958915812770738e-02
4.360348882964341227e-02 1.591501167274414832e-02 3.274778293769228799e-02
4.261989207114437461e-02 1.293025271639762497e-02 2.111932663069177735e-02
3.463671551423460476e-02 1.785070401084262043e-02 2.019585588433449319e-02
3.867148325417089222e-02 1.734925608150846010e-02 1.212488922634089028e-02
3.150781945210109902e-02 1.732861090859216455e-02 1.080808719133060335e-02
3.202381134568690196e-02 1.031296973862157185e-02 1.591761298702763089e-02
3.405897147699420840e-02 1.023938726798926183e-02 1.648258762931531854e-02
3.626712347212326937e-02 1.405037074899055487e-02 1.320448849016912785e-02
3.810032206195092253e-02 8.140212369711165297e-03 1.171843407103166125e-02
3.467592947833651740e-02 1.507842261067231758e-02 1.272165719116201237e-02
4.144371734080132957e-02 1.505971939483477171e-02 1.207454043007156683e-02
3.070209529969790754e-02 8.523416537500506582e-03 1.180548909176847190e-02
3.557168160049001965e-02 8.866698775812947853e-03 1.392679387197740155e-02
3.680687210492076394e-02 1.204717975610926535e-02 1.084537222737490259e-02
3.640230733385409201e-02 1.193089033344777589e-02 9.088198976031178211e-03
3.470584594937242695e-02 7.378072234664144295e-03 1.341285579670368697e-02
3.487437492931937805e-02 9.335829732012284471e-03 8.760798334437606277e-03
3.761178607973495597e-02 7.481708956833950722e-03 9.987023649133001946e-03
3.144885275076669817e-02 7.135950526384846580e-03 9.137055783645172888e-03
3.578089068804472805e-02 9.614601552047933805e-03 1.106794516831334681e-02
3.143105924598365436e-02 9.817950423340458810e-03 8.937803385877692020e-03
3.754502997037568318e-02 8.163351057545726111e-03 1.277154732988594263e-02
3.567883861093003317e-02 8.969150601706259857e-03 1.188353975045778471e-02
2.874229529882565970e-02 6.845869033489976503e-03 8.910267465770865813e-03
3.507717055641795811e-02 8.673314158251376957e-03 8.307523814405236642e-03
3.814076416653884583e-02 7.063970711429649711e-03 8.445780072392407994e-03
3.292150860467068368e-02 8.161224755669171244e-03 7.426328664647012176e-03
