2.918446945428798678e-01 2.116995866195597875e-01 1.765240691877554280e-01
1.400896069002745270e-01 1.257448807974135829e-01 1.874314910958407576e-01
1.337626259026127029e-01 1.655380650508558593e-01 1.203560486660019552e-01
1.281504663732167260e-01 1.082126830561015024e-01 1.287090786147511434e-01
1.432115167745927897e-01 6.955652631119296769e-02 1.031693617559939075e-01
9.694019643085982629e-02 9.767357059630527027e-02 1.057068395750798973e-01
1.033249340141522837e-01 1.612140569259961353e-01 5.048772025334542085e-02
9.469046621496643446e-02 1.036701445070777189e-01 1.192670409969737166e-01
1.074265739705453498e-01 8.751819504455787824e-02 1.042599536313096042e-01
8.444458800696312550e-02 4.941092841864339058e-02 8.150651679159691410e-02
9.229676786487875373e-02 7.205843222651199531e-02 6.755455859514444827e-02
1.186758688301638442e-01 8.200519775866291217e-02 8.546547720453399888e-02
4.816602820716896910e-02 5.525645135649761425e-02 7.180856020118059346e-02
6.528552669051780610e-02 3.859790130959535326e-02 3.652437886184912996e-02
8.067330231796755735e-02 4.334872750024019311e-02 2.580962574775493359e-02
4.174541369977734229e-02 6.609519564472102204e-02 4.049912955921776414e-02
6.741181452135135144e-02 7.240163410663265353e-02 3.389370459521012791e-02
5.439661984588077537e-02 5.614514762160557892e-02 6.880399562572607486e-02
2.781809769180330558e-02 6.577978078735938205e-02 4.330934819627036553e-02
3.260635033754252787e-02 3.813592751127699992e-02 2.774276762571113025e-02
4.126323642891791682e-02 5.211542823480073972e-02 4.363700920977219705e-02
5.188526039445985616e-02 4.821203162347586363e-02 4.018667464956657970e-02
4.052511795515946480e-02 5.986964577530051734e-02 4.928743652496146016e-02
5.683151996439491510e-02 4.997911224037574623e-02 3.035099166400173978e-02
4.489856569734129027e-02 3.781333061856573946e-02 3.073939252249124204e-02
3.952633380771488486e-02 3.483072670291865319e-02 5.177744514212365839e-02
4.951659015879359554e-02 2.905729291200780107e-02 3.330566133918951011e-02
3.627330951483218741e-02 4.109908604172596985e-02 3.050254788155636748e-02
4.644946736413561872e-02 2.259372863265084533e-02 2.780537094173080037e-02
5.816756611700004548e-02 3.108826308002417965e-02 2.139458507476735272e-02
4.332535928465937325e-02 3.814466757235142336e-02 3.287086372770070541e-02
5.033075146070165040e-02 2.816232367851898358e-02 2.945866132058495498e-02
3.884265909930665478e-02 2.733475483988995897e-02 2.023943025186787995e-02
4.989614296053458686e-02 2.076760971629951560e-02 2.333875452935406380e-02
4.757096521158071106e-02 1.776414064681430816e-02 3.497197350234091534e-02
3.814198413570627638e-02 2.325814394680595504e-02 3.471465296320526417e-02
4.090892769583348576e-02 2.220788992396472220e-02 2.959321666246821428e-02
4.028299140243737919e-02 2.274106679468223396e-02 3.232493704850816774e-02
