1.941359219760162291e-01 1.865934664284861766e-01 1.458346976545517593e-01
1.411807885148059216e-01 1.140954965811573213e-01 1.479207831277513929e-01
1.116831735632042993e-01 1.417423964320547181e-01 1.322215617904547447e-01
1.123609877416381214e-01 9.197991933408362908e-02 1.126328889331727062e-01
1.150830845482241488e-01 1.395196415888185215e-01 8.265113322836993570e-02
1.292416284834203566e-01 6.342321992231370054e-02 6.265035971466813292e-02
9.396778427286774094e-02 8.132454292736172874e-02 8.343848408177530207e-02
8.039955638892777590e-02 4.756214888408837743e-02 9.037142512811184580e-02
7.397086105540098822e-02 7.660274980157538716e-02 7.496279931607589819e-02
6.660661352009791814e-02 6.562874129850301830e-02 5.680630957352773153e-02
4.605059031747692211e-02 4.032217886357828546e-02 5.560634101594063433e-02
3.754959938600350294e-02 5.495487398938631723e-02 5.230738498270978698e-02
4.664235442080620631e-02 4.375616784269194953e-02 4.767181281586244795e-02
7.532316758902428411e-02 4.374894959627565610e-02 5.280239772960410721e-02
4.623529280542269804e-02 4.274451218560427340e-02 5.913442010046817549e-02
4.564169738988371749e-02 6.680177127673453397e-02 3.675519271698344387e-02
5.755426563828593134e-02 3.362825543318954252e-02 3.829524119009468375e-02
5.819213396066821864e-02 3.690971341946112233e-02 5.109003812581924819e-02
4.719059647150525977e-02 3.257876248351020132e-02 3.180545835374331415e-02
4.386424102431479843e-02 2.941701720002381365e-02 3.355750969793532684e-02
5.690094277356789326e-02 2.438695004011929429e-02 2.960831768317441492e-02
3.947099003568504960e-02 3.161279727660769312e-02 2.970791768224614188e-02
5.454532899377560057e-02 2.786204652004294416e-02 3.249224474547602465e-02
5.346643358238702820e-02 2.324040193841969693e-02 3.179597494464857926e-02
3.451382681575029809e-02 3.700744077731381310e-02 1.897996302388270037e-02
4.539259697543274186e-02 2.968731125569719007e-02 3.581251281591804614e-02
3.730002602247567411e-02 3.106184740999937827e-02 3.120794814082511123e-02
4.147768411106841913e-02 2.366264897701100822e-02 2.235818557160923481e-02
5.026590911746595114e-02 1.813346272199650375e-02 2.664020902260989462e-02
4.698904026383383253e-02 1.655395499116947555e-02 1.826006298691691676e-02
4.193409592633347283e-02 2.508379799193247162e-02 2.332481925225815891e-02
3.849868380942449153e-02 1.816830787332998631e-02 2.214399772012601644e-02
3.791352980697500902e-02 2.062268338468059917e-02 2.276951482768029694e-02
4.346659895258297296e-02 2.471348228840351477e-02 3.337460921749798443e-02
4.328315520036424280e-02 2.060387250221308933e-02 3.527262924675424877e-02
3.621645352379441324e-02 2.371403655736863472e-02 1.545982174335598473e-02
3.620269169572260665e-02 1.905247478149351206e-02 1.781873887294873476e-02
3.575165904496579311e-02 1.573818275630985142e-02 2.269397101038012066e-02
